<?xml version="1.0" encoding="UTF-8"?>
<!-- Generated by org.testng.reporters.JUnitReportReporter -->
<testsuite hostname="LAPTOP-GKM7GU9C" failures="0" tests="2" name="com.selenium.basecode.ParallelTestChrome" time="24.341" errors="0" timestamp="2020-10-01T10:37:19 IST" skipped="0">
  <testcase classname="com.selenium.basecode.ParallelTestChrome" name="executeTest" time="13.117"/>
  <system-out/>
  <testcase classname="com.selenium.basecode.ParallelTestChrome" name="executeTest" time="11.224"/>
  <system-out/>
</testsuite> <!-- com.selenium.basecode.ParallelTestChrome -->
