<?xml version="1.0" encoding="UTF-8"?>
<!-- Generated by org.testng.reporters.JUnitReportReporter -->
<testsuite hostname="LAPTOP-GKM7GU9C" failures="0" tests="1" name="com.selenium.basecode.ParallelTestFirefox" time="11.015" errors="0" timestamp="2020-10-01T10:36:10 IST" skipped="0">
  <testcase classname="com.selenium.basecode.ParallelTestFirefox" name="executeTest" time="11.015"/>
  <system-out/>
</testsuite> <!-- com.selenium.basecode.ParallelTestFirefox -->
