<?xml version="1.0" encoding="UTF-8"?>
<!-- Generated by org.testng.reporters.JUnitReportReporter -->
<testsuite hostname="LAPTOP-GKM7GU9C" failures="0" tests="2" name="com.selenium.basecode.BaseCode" time="10.158" errors="0" timestamp="2020-11-28T02:18:27 IST" skipped="0">
  <testcase classname="com.selenium.basecode.BaseCode" name="executeTest" time="6.362"/>
  <system-out>
Search Box is displayed.  </system-out>
  <testcase classname="com.selenium.basecode.BaseCode" name="executeTest" time="3.796"/>
  <system-out>
Search Box is displayed.  </system-out>
</testsuite> <!-- com.selenium.basecode.BaseCode -->
